<?xml version="1.0" encoding="UTF-8"?>
<testsuite xmlns:xsi="http://www.w3.org/2001/XMLSchema-instance" xsi:noNamespaceSchemaLocation="https://maven.apache.org/surefire/maven-surefire-plugin/xsd/surefire-test-report-3.0.xsd" version="3.0" name="TestSuite" time="1.321" tests="5" errors="0" skipped="0" failures="1">
  <properties>
[...]
</properties>
  <testcase name="test1" classname="SampleTests" time="0.008">
    <system-out><![CDATA[[TestNGContentHandler] [WARN] It is strongly recommended to add "<!DOCTYPE suite SYSTEM "https://testng.org/testng-1.0.dtd" >" at the top of the suite file [C:\Users\bhava\Desktop\Automation testing Learning\Demo Projects\Selenium-Demo-Project\Selenium-Maven-TestNG-Git-Jenkins\src\test\resources\tests.xml] otherwise TestNG may fail or not work as expected.
This is first test
]]></system-out>
  </testcase>
  <testcase name="test2" classname="SampleTests" time="0.001">
    <system-out><![CDATA[This is second test
]]></system-out>
  </testcase>
  <testcase name="test3" classname="SampleTests" time="0.001">
    <system-out><![CDATA[This is third test
]]></system-out>
  </testcase>
  <testcase name="test4" classname="SampleTests" time="0.002">
    <system-out><![CDATA[This is fourth test
]]></system-out>
  </testcase>
  <testcase name="test5" classname="SampleTests" time="0.018">
    <failure message="expected [true] but found [false]" type="java.lang.AssertionError"><![CDATA[java.lang.AssertionError: expected [true] but found [false]
	at SampleTests.test5(SampleTests.java:25)
]]></failure>
    <system-out><![CDATA[This is fifth test
]]></system-out>
  </testcase>
</testsuite>