<?xml version="1.0" encoding="UTF-8"?>
<testng-results ignored="0" total="4" passed="4" failed="0" skipped="0">
  <reporter-output>
  </reporter-output>
  <suite started-at="2021-11-16T22:23:32 PST" name="SampleTest" finished-at="2021-11-16T22:23:32 PST" duration-ms="68">
    <groups>
    </groups>
    <test started-at="2021-11-16T22:23:32 PST" name="Tests" finished-at="2021-11-16T22:23:32 PST" duration-ms="68">
      <class name="SampleTests">
        <test-method signature="test1()[pri:0, instance:SampleTests@2892dae4]" started-at="2021-11-16T22:23:32 PST" name="test1" finished-at="2021-11-16T22:23:32 PST" duration-ms="8" status="PASS">
          <reporter-output>
          </reporter-output>
        </test-method> <!-- test1 -->
        <test-method signature="test2()[pri:0, instance:SampleTests@2892dae4]" started-at="2021-11-16T22:23:32 PST" name="test2" finished-at="2021-11-16T22:23:32 PST" duration-ms="1" status="PASS">
          <reporter-output>
          </reporter-output>
        </test-method> <!-- test2 -->
        <test-method signature="test3()[pri:0, instance:SampleTests@2892dae4]" started-at="2021-11-16T22:23:32 PST" name="test3" finished-at="2021-11-16T22:23:32 PST" duration-ms="1" status="PASS">
          <reporter-output>
          </reporter-output>
        </test-method> <!-- test3 -->
        <test-method signature="test4()[pri:0, instance:SampleTests@2892dae4]" started-at="2021-11-16T22:23:32 PST" name="test4" finished-at="2021-11-16T22:23:32 PST" duration-ms="0" status="PASS">
          <reporter-output>
          </reporter-output>
        </test-method> <!-- test4 -->
      </class> <!-- SampleTests -->
    </test> <!-- Tests -->
  </suite> <!-- SampleTest -->
</testng-results>
