<?xml version="1.0" encoding="UTF-8"?>
<!-- Generated by org.testng.reporters.JUnitXMLReporter -->
<testsuite ignored="0" hostname="Bhavan-laptop" failures="0" tests="4" name="Tests" time="0.068" errors="0" timestamp="2021-11-16T22:23:32 PST">
  <testcase classname="SampleTests" name="test1" time="0.008"/>
  <testcase classname="SampleTests" name="test2" time="0.001"/>
  <testcase classname="SampleTests" name="test3" time="0.001"/>
  <testcase classname="SampleTests" name="test4" time="0.0"/>
</testsuite> <!-- Tests -->
