<?xml version="1.0" encoding="UTF-8"?>
<!-- Generated by org.testng.reporters.JUnitXMLReporter -->
<testsuite ignored="0" hostname="Bhavan-laptop" failures="1" tests="5" name="Tests" time="0.1" errors="0" timestamp="2021-11-17T00:41:34 PST">
  <testcase classname="SampleTests" name="test1" time="0.01"/>
  <testcase classname="SampleTests" name="test2" time="0.0"/>
  <testcase classname="SampleTests" name="test3" time="0.001"/>
  <testcase classname="SampleTests" name="test4" time="0.0"/>
  <testcase classname="SampleTests" name="test5" time="0.005">
    <failure type="java.lang.AssertionError" message="expected [true] but found [false]">
      <![CDATA[java.lang.AssertionError: expected [true] but found [false]
at SampleTests.test5(SampleTests.java:25)
at java.base/java.util.ArrayList.forEach(ArrayList.java:1541)
... Removed 35 stack frames]]>
    </failure>
  </testcase> <!-- test5 -->
</testsuite> <!-- Tests -->
